This is pdfTeX, Version 3.14159265-2.6-1.40.16 (TeX Live 2015) (preloaded format=pdflatex 2015.10.30)  19 MAY 2017 22:02
entering extended mode
 restricted \write18 enabled.
 %&-line parsing enabled.
**"centros variable.tex"
(./centros variable.tex
LaTeX2e <2015/01/01>
Babel <3.9l> and hyphenation patterns for 79 languages loaded.
(/usr/local/texlive/2015/texmf-dist/tex/latex/base/article.cls
Document Class: article 2014/09/29 v1.4h Standard LaTeX document class
(/usr/local/texlive/2015/texmf-dist/tex/latex/base/size11.clo
File: size11.clo 2014/09/29 v1.4h Standard LaTeX file (size option)
)
\c@part=\count79
\c@section=\count80
\c@subsection=\count81
\c@subsubsection=\count82
\c@paragraph=\count83
\c@subparagraph=\count84
\c@figure=\count85
\c@table=\count86
\abovecaptionskip=\skip41
\belowcaptionskip=\skip42
\bibindent=\dimen102
)
(/usr/local/texlive/2015/texmf-dist/tex/latex/base/inputenc.sty
Package: inputenc 2015/03/17 v1.2c Input encoding file
\inpenc@prehook=\toks14
\inpenc@posthook=\toks15

(/usr/local/texlive/2015/texmf-dist/tex/latex/base/utf8.def
File: utf8.def 2014/09/29 v1.1m UTF-8 support for inputenc
Now handling font encoding OML ...
... no UTF-8 mapping file for font encoding OML
Now handling font encoding T1 ...
... processing UTF-8 mapping file for font encoding T1

(/usr/local/texlive/2015/texmf-dist/tex/latex/base/t1enc.dfu
File: t1enc.dfu 2014/09/29 v1.1m UTF-8 support for inputenc
   defining Unicode char U+00A1 (decimal 161)
   defining Unicode char U+00A3 (decimal 163)
   defining Unicode char U+00AB (decimal 171)
   defining Unicode char U+00BB (decimal 187)
   defining Unicode char U+00BF (decimal 191)
   defining Unicode char U+00C0 (decimal 192)
   defining Unicode char U+00C1 (decimal 193)
   defining Unicode char U+00C2 (decimal 194)
   defining Unicode char U+00C3 (decimal 195)
   defining Unicode char U+00C4 (decimal 196)
   defining Unicode char U+00C5 (decimal 197)
   defining Unicode char U+00C6 (decimal 198)
   defining Unicode char U+00C7 (decimal 199)
   defining Unicode char U+00C8 (decimal 200)
   defining Unicode char U+00C9 (decimal 201)
   defining Unicode char U+00CA (decimal 202)
   defining Unicode char U+00CB (decimal 203)
   defining Unicode char U+00CC (decimal 204)
   defining Unicode char U+00CD (decimal 205)
   defining Unicode char U+00CE (decimal 206)
   defining Unicode char U+00CF (decimal 207)
   defining Unicode char U+00D0 (decimal 208)
   defining Unicode char U+00D1 (decimal 209)
   defining Unicode char U+00D2 (decimal 210)
   defining Unicode char U+00D3 (decimal 211)
   defining Unicode char U+00D4 (decimal 212)
   defining Unicode char U+00D5 (decimal 213)
   defining Unicode char U+00D6 (decimal 214)
   defining Unicode char U+00D8 (decimal 216)
   defining Unicode char U+00D9 (decimal 217)
   defining Unicode char U+00DA (decimal 218)
   defining Unicode char U+00DB (decimal 219)
   defining Unicode char U+00DC (decimal 220)
   defining Unicode char U+00DD (decimal 221)
   defining Unicode char U+00DE (decimal 222)
   defining Unicode char U+00DF (decimal 223)
   defining Unicode char U+00E0 (decimal 224)
   defining Unicode char U+00E1 (decimal 225)
   defining Unicode char U+00E2 (decimal 226)
   defining Unicode char U+00E3 (decimal 227)
   defining Unicode char U+00E4 (decimal 228)
   defining Unicode char U+00E5 (decimal 229)
   defining Unicode char U+00E6 (decimal 230)
   defining Unicode char U+00E7 (decimal 231)
   defining Unicode char U+00E8 (decimal 232)
   defining Unicode char U+00E9 (decimal 233)
   defining Unicode char U+00EA (decimal 234)
   defining Unicode char U+00EB (decimal 235)
   defining Unicode char U+00EC (decimal 236)
   defining Unicode char U+00ED (decimal 237)
   defining Unicode char U+00EE (decimal 238)
   defining Unicode char U+00EF (decimal 239)
   defining Unicode char U+00F0 (decimal 240)
   defining Unicode char U+00F1 (decimal 241)
   defining Unicode char U+00F2 (decimal 242)
   defining Unicode char U+00F3 (decimal 243)
   defining Unicode char U+00F4 (decimal 244)
   defining Unicode char U+00F5 (decimal 245)
   defining Unicode char U+00F6 (decimal 246)
   defining Unicode char U+00F8 (decimal 248)
   defining Unicode char U+00F9 (decimal 249)
   defining Unicode char U+00FA (decimal 250)
   defining Unicode char U+00FB (decimal 251)
   defining Unicode char U+00FC (decimal 252)
   defining Unicode char U+00FD (decimal 253)
   defining Unicode char U+00FE (decimal 254)
   defining Unicode char U+00FF (decimal 255)
   defining Unicode char U+0102 (decimal 258)
   defining Unicode char U+0103 (decimal 259)
   defining Unicode char U+0104 (decimal 260)
   defining Unicode char U+0105 (decimal 261)
   defining Unicode char U+0106 (decimal 262)
   defining Unicode char U+0107 (decimal 263)
   defining Unicode char U+010C (decimal 268)
   defining Unicode char U+010D (decimal 269)
   defining Unicode char U+010E (decimal 270)
   defining Unicode char U+010F (decimal 271)
   defining Unicode char U+0110 (decimal 272)
   defining Unicode char U+0111 (decimal 273)
   defining Unicode char U+0118 (decimal 280)
   defining Unicode char U+0119 (decimal 281)
   defining Unicode char U+011A (decimal 282)
   defining Unicode char U+011B (decimal 283)
   defining Unicode char U+011E (decimal 286)
   defining Unicode char U+011F (decimal 287)
   defining Unicode char U+0130 (decimal 304)
   defining Unicode char U+0131 (decimal 305)
   defining Unicode char U+0132 (decimal 306)
   defining Unicode char U+0133 (decimal 307)
   defining Unicode char U+0139 (decimal 313)
   defining Unicode char U+013A (decimal 314)
   defining Unicode char U+013D (decimal 317)
   defining Unicode char U+013E (decimal 318)
   defining Unicode char U+0141 (decimal 321)
   defining Unicode char U+0142 (decimal 322)
   defining Unicode char U+0143 (decimal 323)
   defining Unicode char U+0144 (decimal 324)
   defining Unicode char U+0147 (decimal 327)
   defining Unicode char U+0148 (decimal 328)
   defining Unicode char U+014A (decimal 330)
   defining Unicode char U+014B (decimal 331)
   defining Unicode char U+0150 (decimal 336)
   defining Unicode char U+0151 (decimal 337)
   defining Unicode char U+0152 (decimal 338)
   defining Unicode char U+0153 (decimal 339)
   defining Unicode char U+0154 (decimal 340)
   defining Unicode char U+0155 (decimal 341)
   defining Unicode char U+0158 (decimal 344)
   defining Unicode char U+0159 (decimal 345)
   defining Unicode char U+015A (decimal 346)
   defining Unicode char U+015B (decimal 347)
   defining Unicode char U+015E (decimal 350)
   defining Unicode char U+015F (decimal 351)
   defining Unicode char U+0160 (decimal 352)
   defining Unicode char U+0161 (decimal 353)
   defining Unicode char U+0162 (decimal 354)
   defining Unicode char U+0163 (decimal 355)
   defining Unicode char U+0164 (decimal 356)
   defining Unicode char U+0165 (decimal 357)
   defining Unicode char U+016E (decimal 366)
   defining Unicode char U+016F (decimal 367)
   defining Unicode char U+0170 (decimal 368)
   defining Unicode char U+0171 (decimal 369)
   defining Unicode char U+0178 (decimal 376)
   defining Unicode char U+0179 (decimal 377)
   defining Unicode char U+017A (decimal 378)
   defining Unicode char U+017B (decimal 379)
   defining Unicode char U+017C (decimal 380)
   defining Unicode char U+017D (decimal 381)
   defining Unicode char U+017E (decimal 382)
   defining Unicode char U+200C (decimal 8204)
   defining Unicode char U+2013 (decimal 8211)
   defining Unicode char U+2014 (decimal 8212)
   defining Unicode char U+2018 (decimal 8216)
   defining Unicode char U+2019 (decimal 8217)
   defining Unicode char U+201A (decimal 8218)
   defining Unicode char U+201C (decimal 8220)
   defining Unicode char U+201D (decimal 8221)
   defining Unicode char U+201E (decimal 8222)
   defining Unicode char U+2030 (decimal 8240)
   defining Unicode char U+2031 (decimal 8241)
   defining Unicode char U+2039 (decimal 8249)
   defining Unicode char U+203A (decimal 8250)
   defining Unicode char U+2423 (decimal 9251)
)
Now handling font encoding OT1 ...
... processing UTF-8 mapping file for font encoding OT1

(/usr/local/texlive/2015/texmf-dist/tex/latex/base/ot1enc.dfu
File: ot1enc.dfu 2014/09/29 v1.1m UTF-8 support for inputenc
   defining Unicode char U+00A1 (decimal 161)
   defining Unicode char U+00A3 (decimal 163)
   defining Unicode char U+00B8 (decimal 184)
   defining Unicode char U+00BF (decimal 191)
   defining Unicode char U+00C5 (decimal 197)
   defining Unicode char U+00C6 (decimal 198)
   defining Unicode char U+00D8 (decimal 216)
   defining Unicode char U+00DF (decimal 223)
   defining Unicode char U+00E6 (decimal 230)
   defining Unicode char U+00EC (decimal 236)
   defining Unicode char U+00ED (decimal 237)
   defining Unicode char U+00EE (decimal 238)
   defining Unicode char U+00EF (decimal 239)
   defining Unicode char U+00F8 (decimal 248)
   defining Unicode char U+0131 (decimal 305)
   defining Unicode char U+0141 (decimal 321)
   defining Unicode char U+0142 (decimal 322)
   defining Unicode char U+0152 (decimal 338)
   defining Unicode char U+0153 (decimal 339)
   defining Unicode char U+2013 (decimal 8211)
   defining Unicode char U+2014 (decimal 8212)
   defining Unicode char U+2018 (decimal 8216)
   defining Unicode char U+2019 (decimal 8217)
   defining Unicode char U+201C (decimal 8220)
   defining Unicode char U+201D (decimal 8221)
)
Now handling font encoding OMS ...
... processing UTF-8 mapping file for font encoding OMS

(/usr/local/texlive/2015/texmf-dist/tex/latex/base/omsenc.dfu
File: omsenc.dfu 2014/09/29 v1.1m UTF-8 support for inputenc
   defining Unicode char U+00A7 (decimal 167)
   defining Unicode char U+00B6 (decimal 182)
   defining Unicode char U+00B7 (decimal 183)
   defining Unicode char U+2020 (decimal 8224)
   defining Unicode char U+2021 (decimal 8225)
   defining Unicode char U+2022 (decimal 8226)
)
Now handling font encoding OMX ...
... no UTF-8 mapping file for font encoding OMX
Now handling font encoding U ...
... no UTF-8 mapping file for font encoding U
   defining Unicode char U+00A9 (decimal 169)
   defining Unicode char U+00AA (decimal 170)
   defining Unicode char U+00AE (decimal 174)
   defining Unicode char U+00BA (decimal 186)
   defining Unicode char U+02C6 (decimal 710)
   defining Unicode char U+02DC (decimal 732)
   defining Unicode char U+200C (decimal 8204)
   defining Unicode char U+2026 (decimal 8230)
   defining Unicode char U+2122 (decimal 8482)
   defining Unicode char U+2423 (decimal 9251)
))
(/usr/local/texlive/2015/texmf-dist/tex/generic/babel/babel.sty
Package: babel 2014/09/25 3.9l The Babel package

(/usr/local/texlive/2015/texmf-dist/tex/generic/babel-spanish/spanish.ldf
Language: spanish.ldf 2014/04/24 v5.0n Spanish support from the babel system

(/usr/local/texlive/2015/texmf-dist/tex/generic/babel/babel.def
File: babel.def 2014/09/25 3.9l Babel common definitions
\babel@savecnt=\count87
\U@D=\dimen103
)
\es@quottoks=\toks16
\es@quotdepth=\count88
Package babel Info: Making " an active character on input line 516.
Package babel Info: Making . an active character on input line 617.
Package babel Info: Making < an active character on input line 662.
Package babel Info: Making > an active character on input line 662.
))
(/usr/local/texlive/2015/texmf-dist/tex/latex/amsmath/amsmath.sty
Package: amsmath 2013/01/14 v2.14 AMS math features
\@mathmargin=\skip43

For additional information on amsmath, use the `?' option.
(/usr/local/texlive/2015/texmf-dist/tex/latex/amsmath/amstext.sty
Package: amstext 2000/06/29 v2.01

(/usr/local/texlive/2015/texmf-dist/tex/latex/amsmath/amsgen.sty
File: amsgen.sty 1999/11/30 v2.0
\@emptytoks=\toks17
\ex@=\dimen104
))
(/usr/local/texlive/2015/texmf-dist/tex/latex/amsmath/amsbsy.sty
Package: amsbsy 1999/11/29 v1.2d
\pmbraise@=\dimen105
)
(/usr/local/texlive/2015/texmf-dist/tex/latex/amsmath/amsopn.sty
Package: amsopn 1999/12/14 v2.01 operator names
)
\inf@bad=\count89
LaTeX Info: Redefining \frac on input line 210.
\uproot@=\count90
\leftroot@=\count91
LaTeX Info: Redefining \overline on input line 306.
\classnum@=\count92
\DOTSCASE@=\count93
LaTeX Info: Redefining \ldots on input line 378.
LaTeX Info: Redefining \dots on input line 381.
LaTeX Info: Redefining \cdots on input line 466.
\Mathstrutbox@=\box26
\strutbox@=\box27
\big@size=\dimen106
LaTeX Font Info:    Redeclaring font encoding OML on input line 566.
LaTeX Font Info:    Redeclaring font encoding OMS on input line 567.
\macc@depth=\count94
\c@MaxMatrixCols=\count95
\dotsspace@=\muskip10
\c@parentequation=\count96
\dspbrk@lvl=\count97
\tag@help=\toks18
\row@=\count98
\column@=\count99
\maxfields@=\count100
\andhelp@=\toks19
\eqnshift@=\dimen107
\alignsep@=\dimen108
\tagshift@=\dimen109
\tagwidth@=\dimen110
\totwidth@=\dimen111
\lineht@=\dimen112
\@envbody=\toks20
\multlinegap=\skip44
\multlinetaggap=\skip45
\mathdisplay@stack=\toks21
LaTeX Info: Redefining \[ on input line 2665.
LaTeX Info: Redefining \] on input line 2666.
)
(/usr/local/texlive/2015/texmf-dist/tex/latex/amsfonts/amsfonts.sty
Package: amsfonts 2013/01/14 v3.01 Basic AMSFonts support
\symAMSa=\mathgroup4
\symAMSb=\mathgroup5
LaTeX Font Info:    Overwriting math alphabet `\mathfrak' in version `bold'
(Font)                  U/euf/m/n --> U/euf/b/n on input line 106.
)
(/usr/local/texlive/2015/texmf-dist/tex/latex/float/float.sty
Package: float 2001/11/08 v1.3d Float enhancements (AL)
\c@float@type=\count101
\float@exts=\toks22
\float@box=\box28
\@float@everytoks=\toks23
\@floatcapt=\box29
)
(/usr/local/texlive/2015/texmf-dist/tex/latex/amsfonts/amssymb.sty
Package: amssymb 2013/01/14 v3.01 AMS font symbols
)
(/usr/local/texlive/2015/texmf-dist/tex/latex/graphics/graphicx.sty
Package: graphicx 2014/10/28 v1.0g Enhanced LaTeX Graphics (DPC,SPQR)

(/usr/local/texlive/2015/texmf-dist/tex/latex/graphics/keyval.sty
Package: keyval 2014/10/28 v1.15 key=value parser (DPC)
\KV@toks@=\toks24
)
(/usr/local/texlive/2015/texmf-dist/tex/latex/graphics/graphics.sty
Package: graphics 2014/10/28 v1.0p Standard LaTeX Graphics (DPC,SPQR)

(/usr/local/texlive/2015/texmf-dist/tex/latex/graphics/trig.sty
Package: trig 1999/03/16 v1.09 sin cos tan (DPC)
)
(/usr/local/texlive/2015/texmf-dist/tex/latex/latexconfig/graphics.cfg
File: graphics.cfg 2010/04/23 v1.9 graphics configuration of TeX Live
)
Package graphics Info: Driver file: pdftex.def on input line 94.

(/usr/local/texlive/2015/texmf-dist/tex/latex/pdftex-def/pdftex.def
File: pdftex.def 2011/05/27 v0.06d Graphics/color for pdfTeX

(/usr/local/texlive/2015/texmf-dist/tex/generic/oberdiek/infwarerr.sty
Package: infwarerr 2010/04/08 v1.3 Providing info/warning/error messages (HO)
)
(/usr/local/texlive/2015/texmf-dist/tex/generic/oberdiek/ltxcmds.sty
Package: ltxcmds 2011/11/09 v1.22 LaTeX kernel commands for general use (HO)
)
\Gread@gobject=\count102
))
\Gin@req@height=\dimen113
\Gin@req@width=\dimen114
)
(/usr/local/texlive/2015/texmf-dist/tex/latex/geometry/geometry.sty
Package: geometry 2010/09/12 v5.6 Page Geometry

(/usr/local/texlive/2015/texmf-dist/tex/generic/oberdiek/ifpdf.sty
Package: ifpdf 2011/01/30 v2.3 Provides the ifpdf switch (HO)
Package ifpdf Info: pdfTeX in PDF mode is detected.
)
(/usr/local/texlive/2015/texmf-dist/tex/generic/oberdiek/ifvtex.sty
Package: ifvtex 2010/03/01 v1.5 Detect VTeX and its facilities (HO)
Package ifvtex Info: VTeX not detected.
)
(/usr/local/texlive/2015/texmf-dist/tex/generic/ifxetex/ifxetex.sty
Package: ifxetex 2010/09/12 v0.6 Provides ifxetex conditional
)
\Gm@cnth=\count103
\Gm@cntv=\count104
\c@Gm@tempcnt=\count105
\Gm@bindingoffset=\dimen115
\Gm@wd@mp=\dimen116
\Gm@odd@mp=\dimen117
\Gm@even@mp=\dimen118
\Gm@layoutwidth=\dimen119
\Gm@layoutheight=\dimen120
\Gm@layouthoffset=\dimen121
\Gm@layoutvoffset=\dimen122
\Gm@dimlist=\toks25
)
(./centros variable.aux
LaTeX Info: Redefining \. on input line 7.
LaTeX Info: Redefining \% on input line 7.
)
\openout1 = `"centros variable.aux"'.

LaTeX Font Info:    Checking defaults for OML/cmm/m/it on input line 12.
LaTeX Font Info:    ... okay on input line 12.
LaTeX Font Info:    Checking defaults for T1/cmr/m/n on input line 12.
LaTeX Font Info:    ... okay on input line 12.
LaTeX Font Info:    Checking defaults for OT1/cmr/m/n on input line 12.
LaTeX Font Info:    ... okay on input line 12.
LaTeX Font Info:    Checking defaults for OMS/cmsy/m/n on input line 12.
LaTeX Font Info:    ... okay on input line 12.
LaTeX Font Info:    Checking defaults for OMX/cmex/m/n on input line 12.
LaTeX Font Info:    ... okay on input line 12.
LaTeX Font Info:    Checking defaults for U/cmr/m/n on input line 12.
LaTeX Font Info:    ... okay on input line 12.
LaTeX Info: Redefining \. on input line 12.
LaTeX Info: Redefining \% on input line 12.

(/usr/local/texlive/2015/texmf-dist/tex/context/base/supp-pdf.mkii
[Loading MPS to PDF converter (version 2006.09.02).]
\scratchcounter=\count106
\scratchdimen=\dimen123
\scratchbox=\box30
\nofMPsegments=\count107
\nofMParguments=\count108
\everyMPshowfont=\toks26
\MPscratchCnt=\count109
\MPscratchDim=\dimen124
\MPnumerator=\count110
\makeMPintoPDFobject=\count111
\everyMPtoPDFconversion=\toks27
) (/usr/local/texlive/2015/texmf-dist/tex/generic/oberdiek/pdftexcmds.sty
Package: pdftexcmds 2011/11/29 v0.20 Utility functions of pdfTeX for LuaTeX (HO
)

(/usr/local/texlive/2015/texmf-dist/tex/generic/oberdiek/ifluatex.sty
Package: ifluatex 2010/03/01 v1.3 Provides the ifluatex switch (HO)
Package ifluatex Info: LuaTeX not detected.
)
Package pdftexcmds Info: LuaTeX not detected.
Package pdftexcmds Info: \pdf@primitive is available.
Package pdftexcmds Info: \pdf@ifprimitive is available.
Package pdftexcmds Info: \pdfdraftmode found.
)
(/usr/local/texlive/2015/texmf-dist/tex/latex/oberdiek/epstopdf-base.sty
Package: epstopdf-base 2010/02/09 v2.5 Base part for package epstopdf

(/usr/local/texlive/2015/texmf-dist/tex/latex/oberdiek/grfext.sty
Package: grfext 2010/08/19 v1.1 Manage graphics extensions (HO)

(/usr/local/texlive/2015/texmf-dist/tex/generic/oberdiek/kvdefinekeys.sty
Package: kvdefinekeys 2011/04/07 v1.3 Define keys (HO)
))
(/usr/local/texlive/2015/texmf-dist/tex/latex/oberdiek/kvoptions.sty
Package: kvoptions 2011/06/30 v3.11 Key value format for package options (HO)

(/usr/local/texlive/2015/texmf-dist/tex/generic/oberdiek/kvsetkeys.sty
Package: kvsetkeys 2012/04/25 v1.16 Key value parser (HO)

(/usr/local/texlive/2015/texmf-dist/tex/generic/oberdiek/etexcmds.sty
Package: etexcmds 2011/02/16 v1.5 Avoid name clashes with e-TeX commands (HO)
Package etexcmds Info: Could not find \expanded.
(etexcmds)             That can mean that you are not using pdfTeX 1.50 or
(etexcmds)             that some package has redefined \expanded.
(etexcmds)             In the latter case, load this package earlier.
)))
Package grfext Info: Graphics extension search list:
(grfext)             [.png,.pdf,.jpg,.mps,.jpeg,.jbig2,.jb2,.PNG,.PDF,.JPG,.JPE
G,.JBIG2,.JB2,.eps]
(grfext)             \AppendGraphicsExtensions on input line 452.

(/usr/local/texlive/2015/texmf-dist/tex/latex/latexconfig/epstopdf-sys.cfg
File: epstopdf-sys.cfg 2010/07/13 v1.3 Configuration of (r)epstopdf for TeX Liv
e
))
*geometry* driver: auto-detecting
*geometry* detected driver: pdftex
*geometry* verbose mode - [ preamble ] result:
* driver: pdftex
* paper: a4paper
* layout: <same size as paper>
* layoutoffset:(h,v)=(0.0pt,0.0pt)
* modes: 
* h-part:(L,W,R)=(56.9055pt, 483.69687pt, 56.9055pt)
* v-part:(T,H,B)=(56.9055pt, 731.23584pt, 56.9055pt)
* \paperwidth=597.50787pt
* \paperheight=845.04684pt
* \textwidth=483.69687pt
* \textheight=731.23584pt
* \oddsidemargin=-15.36449pt
* \evensidemargin=-15.36449pt
* \topmargin=-52.36449pt
* \headheight=12.0pt
* \headsep=25.0pt
* \topskip=11.0pt
* \footskip=30.0pt
* \marginparwidth=50.0pt
* \marginparsep=10.0pt
* \columnsep=10.0pt
* \skip\footins=10.0pt plus 4.0pt minus 2.0pt
* \hoffset=0.0pt
* \voffset=0.0pt
* \mag=1000
* \@twocolumnfalse
* \@twosidefalse
* \@mparswitchfalse
* \@reversemarginfalse
* (1in=72.27pt=25.4mm, 1cm=28.453pt)

LaTeX Font Info:    Try loading font information for U+msa on input line 14.
(/usr/local/texlive/2015/texmf-dist/tex/latex/amsfonts/umsa.fd
File: umsa.fd 2013/01/14 v3.01 AMS symbols A
)
LaTeX Font Info:    Try loading font information for U+msb on input line 14.

(/usr/local/texlive/2015/texmf-dist/tex/latex/amsfonts/umsb.fd
File: umsb.fd 2013/01/14 v3.01 AMS symbols B
)
<diferencias15.png, id=1, 561.09625pt x 420.57124pt>
File: diferencias15.png Graphic file (type png)
 <use diferencias15.png>
Package pdftex.def Info: diferencias15.png used on input line 41.
(pdftex.def)             Requested size: 196.38663pt x 147.20213pt.

<centros15.png, id=2, 560.0925pt x 420.57124pt>
File: centros15.png Graphic file (type png)
 <use centros15.png>
Package pdftex.def Info: centros15.png used on input line 42.
(pdftex.def)             Requested size: 196.03531pt x 147.20213pt.

<error15.png, id=3, 560.0925pt x 420.57124pt>
File: error15.png Graphic file (type png)
 <use error15.png>
Package pdftex.def Info: error15.png used on input line 43.
(pdftex.def)             Requested size: 196.03531pt x 147.20213pt.

<diferencias16.png, id=4, 561.09625pt x 420.57124pt>
File: diferencias16.png Graphic file (type png)
 <use diferencias16.png>
Package pdftex.def Info: diferencias16.png used on input line 49.
(pdftex.def)             Requested size: 196.38663pt x 147.20213pt.

<centros16.png, id=5, 560.0925pt x 420.57124pt>
File: centros16.png Graphic file (type png)
 <use centros16.png>
Package pdftex.def Info: centros16.png used on input line 50.
(pdftex.def)             Requested size: 224.03302pt x 168.22551pt.

<error16.png, id=6, 560.0925pt x 420.57124pt>
File: error16.png Graphic file (type png)
 <use error16.png>
Package pdftex.def Info: error16.png used on input line 51.
(pdftex.def)             Requested size: 224.03302pt x 168.22551pt.
 [1{/usr/local/texlive/2015/texmf-var/fonts/map/pdftex/updmap/pdftex.map}

 <./diferencias15.png (PNG copy)> <./centros15.png (PNG copy)> <./error15.png (
PNG copy)>]
<diferencias17.png, id=14, 561.09625pt x 420.57124pt>
File: diferencias17.png Graphic file (type png)
 <use diferencias17.png>
Package pdftex.def Info: diferencias17.png used on input line 58.
(pdftex.def)             Requested size: 196.38663pt x 147.20213pt.

<centros17.png, id=15, 561.09625pt x 420.57124pt>
File: centros17.png Graphic file (type png)
 <use centros17.png>
Package pdftex.def Info: centros17.png used on input line 59.
(pdftex.def)             Requested size: 196.38663pt x 147.20213pt.

<error17.png, id=16, 561.09625pt x 420.57124pt>
File: error17.png Graphic file (type png)
 <use error17.png>
Package pdftex.def Info: error17.png used on input line 60.
(pdftex.def)             Requested size: 196.38663pt x 147.20213pt.

<diferencias18.png, id=17, 561.09625pt x 420.57124pt>
File: diferencias18.png Graphic file (type png)
 <use diferencias18.png>
Package pdftex.def Info: diferencias18.png used on input line 67.
(pdftex.def)             Requested size: 196.38663pt x 147.20213pt.

<centros18.png, id=18, 560.0925pt x 420.57124pt>
File: centros18.png Graphic file (type png)
 <use centros18.png>
Package pdftex.def Info: centros18.png used on input line 68.
(pdftex.def)             Requested size: 196.03531pt x 147.20213pt.

<error18.png, id=19, 561.09625pt x 420.57124pt>
File: error18.png Graphic file (type png)
 <use error18.png>
Package pdftex.def Info: error18.png used on input line 69.
(pdftex.def)             Requested size: 196.38663pt x 147.20213pt.
 [2 <./diferencias16.png (PNG copy)> <./centros16.png (PNG copy)> <./error16.pn
g (PNG copy)> <./diferencias17.png (PNG copy)> <./centros17.png (PNG copy)> <./
error17.png (PNG copy)>] <diferencias19.png, id=23, 561.09625pt x 420.57124pt>
File: diferencias19.png Graphic file (type png)

<use diferencias19.png>
Package pdftex.def Info: diferencias19.png used on input line 76.
(pdftex.def)             Requested size: 196.38663pt x 147.20213pt.
 <centros19.png, id=24, 560.0925pt x 420.57124pt>
File: centros19.png Graphic file (type png)

<use centros19.png>
Package pdftex.def Info: centros19.png used on input line 77.
(pdftex.def)             Requested size: 196.03531pt x 147.20213pt.
 <error19.png, id=25, 561.09625pt x 420.57124pt>
File: error19.png Graphic file (type png)

<use error19.png>
Package pdftex.def Info: error19.png used on input line 78.
(pdftex.def)             Requested size: 196.38663pt x 147.20213pt.
 <diferencias20.png, id=26, 560.0925pt x 420.57124pt>
File: diferencias20.png Graphic file (type png)

<use diferencias20.png>
Package pdftex.def Info: diferencias20.png used on input line 85.
(pdftex.def)             Requested size: 196.03531pt x 147.20213pt.
 <centros20.png, id=27, 561.09625pt x 420.57124pt>
File: centros20.png Graphic file (type png)

<use centros20.png>
Package pdftex.def Info: centros20.png used on input line 86.
(pdftex.def)             Requested size: 196.38663pt x 147.20213pt.
 <error20.png, id=28, 561.09625pt x 420.57124pt>
File: error20.png Graphic file (type png)

<use error20.png>
Package pdftex.def Info: error20.png used on input line 87.
(pdftex.def)             Requested size: 196.38663pt x 147.20213pt.
 [3 <./diferencias18.png (PNG copy)> <./centros18.png (PNG copy)> <./error18.pn
g (PNG copy)> <./diferencias19.png (PNG copy)> <./centros19.png (PNG copy)> <./
error19.png (PNG copy)>]
<diferencias21.png, id=32, 561.09625pt x 420.57124pt>
File: diferencias21.png Graphic file (type png)
 <use diferencias21.png>
Package pdftex.def Info: diferencias21.png used on input line 94.
(pdftex.def)             Requested size: 196.38663pt x 147.20213pt.

<centros21.png, id=33, 561.09625pt x 420.57124pt>
File: centros21.png Graphic file (type png)
 <use centros21.png>
Package pdftex.def Info: centros21.png used on input line 95.
(pdftex.def)             Requested size: 196.38663pt x 147.20213pt.

<error21.png, id=34, 561.09625pt x 420.57124pt>
File: error21.png Graphic file (type png)
 <use error21.png>
Package pdftex.def Info: error21.png used on input line 96.
(pdftex.def)             Requested size: 196.38663pt x 147.20213pt.

<diferencias22.png, id=35, 560.0925pt x 420.57124pt>
File: diferencias22.png Graphic file (type png)
 <use diferencias22.png>
Package pdftex.def Info: diferencias22.png used on input line 103.
(pdftex.def)             Requested size: 196.03531pt x 147.20213pt.

<centros22.png, id=36, 560.0925pt x 420.57124pt>
File: centros22.png Graphic file (type png)
 <use centros22.png>
Package pdftex.def Info: centros22.png used on input line 104.
(pdftex.def)             Requested size: 196.03531pt x 147.20213pt.

<error22.png, id=37, 561.09625pt x 420.57124pt>
File: error22.png Graphic file (type png)
 <use error22.png>
Package pdftex.def Info: error22.png used on input line 105.
(pdftex.def)             Requested size: 196.38663pt x 147.20213pt.
 [4 <./diferencias20.png (PNG copy)> <./centros20.png (PNG copy)> <./error20.pn
g (PNG copy)> <./diferencias21.png (PNG copy)> <./centros21.png (PNG copy)> <./
error21.png (PNG copy)>] <diferencias23.png, id=41, 560.0925pt x 420.57124pt>
File: diferencias23.png Graphic file (type png)

<use diferencias23.png>
Package pdftex.def Info: diferencias23.png used on input line 112.
(pdftex.def)             Requested size: 196.03531pt x 147.20213pt.
 <centros23.png, id=42, 560.0925pt x 420.57124pt>
File: centros23.png Graphic file (type png)

<use centros23.png>
Package pdftex.def Info: centros23.png used on input line 113.
(pdftex.def)             Requested size: 196.03531pt x 147.20213pt.
 <error23.png, id=43, 560.0925pt x 420.57124pt>
File: error23.png Graphic file (type png)

<use error23.png>
Package pdftex.def Info: error23.png used on input line 114.
(pdftex.def)             Requested size: 196.03531pt x 147.20213pt.
 <diferencias24.png, id=44, 560.0925pt x 420.57124pt>
File: diferencias24.png Graphic file (type png)

<use diferencias24.png>
Package pdftex.def Info: diferencias24.png used on input line 121.
(pdftex.def)             Requested size: 196.03531pt x 147.20213pt.
 <centros24.png, id=45, 561.09625pt x 420.57124pt>
File: centros24.png Graphic file (type png)

<use centros24.png>
Package pdftex.def Info: centros24.png used on input line 122.
(pdftex.def)             Requested size: 196.38663pt x 147.20213pt.
 <error24.png, id=46, 561.09625pt x 420.57124pt>
File: error24.png Graphic file (type png)

<use error24.png>
Package pdftex.def Info: error24.png used on input line 123.
(pdftex.def)             Requested size: 196.38663pt x 147.20213pt.
 [5 <./diferencias22.png (PNG copy)> <./centros22.png (PNG copy)> <./error22.pn
g (PNG copy)> <./diferencias23.png (PNG copy)> <./centros23.png (PNG copy)> <./
error23.png (PNG copy)>]
<diferencias25.png, id=50, 560.0925pt x 420.57124pt>
File: diferencias25.png Graphic file (type png)
 <use diferencias25.png>
Package pdftex.def Info: diferencias25.png used on input line 130.
(pdftex.def)             Requested size: 196.03531pt x 147.20213pt.

<centros25.png, id=51, 560.0925pt x 420.57124pt>
File: centros25.png Graphic file (type png)
 <use centros25.png>
Package pdftex.def Info: centros25.png used on input line 131.
(pdftex.def)             Requested size: 196.03531pt x 147.20213pt.

<error25.png, id=52, 560.0925pt x 420.57124pt>
File: error25.png Graphic file (type png)
 <use error25.png>
Package pdftex.def Info: error25.png used on input line 132.
(pdftex.def)             Requested size: 196.03531pt x 147.20213pt.

<diferencias30.png, id=53, 560.0925pt x 420.57124pt>
File: diferencias30.png Graphic file (type png)
 <use diferencias30.png>
Package pdftex.def Info: diferencias30.png used on input line 139.
(pdftex.def)             Requested size: 196.03531pt x 147.20213pt.

<centros30.png, id=54, 560.0925pt x 420.57124pt>
File: centros30.png Graphic file (type png)
 <use centros30.png>
Package pdftex.def Info: centros30.png used on input line 140.
(pdftex.def)             Requested size: 196.03531pt x 147.20213pt.

<error30.png, id=55, 561.09625pt x 420.57124pt>
File: error30.png Graphic file (type png)
 <use error30.png>
Package pdftex.def Info: error30.png used on input line 141.
(pdftex.def)             Requested size: 196.38663pt x 147.20213pt.
 [6 <./diferencias24.png (PNG copy)> <./centros24.png (PNG copy)> <./error24.pn
g (PNG copy)> <./diferencias25.png (PNG copy)> <./centros25.png (PNG copy)> <./
error25.png (PNG copy)>] <diferencias35.png, id=59, 560.0925pt x 420.57124pt>
File: diferencias35.png Graphic file (type png)

<use diferencias35.png>
Package pdftex.def Info: diferencias35.png used on input line 148.
(pdftex.def)             Requested size: 196.03531pt x 147.20213pt.
 <centros35.png, id=60, 560.0925pt x 420.57124pt>
File: centros35.png Graphic file (type png)

<use centros35.png>
Package pdftex.def Info: centros35.png used on input line 149.
(pdftex.def)             Requested size: 196.03531pt x 147.20213pt.
 <error35.png, id=61, 560.0925pt x 420.57124pt>
File: error35.png Graphic file (type png)

<use error35.png>
Package pdftex.def Info: error35.png used on input line 150.
(pdftex.def)             Requested size: 196.03531pt x 147.20213pt.
 [7 <./diferencias30.png (PNG copy)> <./centros30.png (PNG copy)> <./error30.pn
g (PNG copy)> <./diferencias35.png (PNG copy)> <./centros35.png (PNG copy)> <./
error35.png (PNG copy)>] [8] (./centros variable.aux
LaTeX Info: Redefining \. on input line 7.
LaTeX Info: Redefining \% on input line 7.
) ) 
Here is how much of TeX's memory you used:
 4083 strings out of 493089
 54590 string characters out of 6134841
 128600 words of memory out of 5000000
 7467 multiletter control sequences out of 15000+600000
 8288 words of font info for 32 fonts, out of 8000000 for 9000
 1141 hyphenation exceptions out of 8191
 38i,8n,30p,290b,384s stack positions out of 5000i,500n,10000p,200000b,80000s
</usr/local/texlive/2015/texmf-dist/fonts/type1/public/amsfonts/cm/cmmi10.pf
b></usr/local/texlive/2015/texmf-dist/fonts/type1/public/amsfonts/cm/cmr10.pfb>

Output written on "centros variable.pdf" (8 pages, 866152 bytes).
PDF statistics:
 78 PDF objects out of 1000 (max. 8388607)
 26 compressed objects within 1 object stream
 0 named destinations out of 1000 (max. 500000)
 196 words of extra memory for PDF output out of 10000 (max. 10000000)

